\BOOKMARK [0][-]{chapter.1}{\376\377\0001\000\040\000N\000a\000m\000e\000s\000p\000a\000c\000e\000\040\000I\000n\000d\000e\000x}{}% 1
\BOOKMARK [1][-]{section.1.1}{\376\377\0001\000.\0001\000\040\000P\000a\000c\000k\000a\000g\000e\000s}{chapter.1}% 2
\BOOKMARK [0][-]{chapter.2}{\376\377\0002\000\040\000H\000i\000e\000r\000a\000r\000c\000h\000i\000c\000a\000l\000\040\000I\000n\000d\000e\000x}{}% 3
\BOOKMARK [1][-]{section.2.1}{\376\377\0002\000.\0001\000\040\000C\000l\000a\000s\000s\000\040\000H\000i\000e\000r\000a\000r\000c\000h\000y}{chapter.2}% 4
\BOOKMARK [0][-]{chapter.3}{\376\377\0003\000\040\000C\000l\000a\000s\000s\000\040\000I\000n\000d\000e\000x}{}% 5
\BOOKMARK [1][-]{section.3.1}{\376\377\0003\000.\0001\000\040\000C\000l\000a\000s\000s\000\040\000L\000i\000s\000t}{chapter.3}% 6
\BOOKMARK [0][-]{chapter.4}{\376\377\0004\000\040\000N\000a\000m\000e\000s\000p\000a\000c\000e\000\040\000D\000o\000c\000u\000m\000e\000n\000t\000a\000t\000i\000o\000n}{}% 7
\BOOKMARK [1][-]{section.4.1}{\376\377\0004\000.\0001\000\040\000S\000t\000e\000g\000o\000s\000a\000u\000r\000u\000s\000\040\000N\000a\000m\000e\000s\000p\000a\000c\000e\000\040\000R\000e\000f\000e\000r\000e\000n\000c\000e}{chapter.4}% 8
\BOOKMARK [1][-]{section.4.2}{\376\377\0004\000.\0002\000\040\000S\000t\000e\000g\000o\000s\000a\000u\000r\000u\000s\000.\000A\000l\000g\000o\000r\000i\000t\000h\000m\000\040\000N\000a\000m\000e\000s\000p\000a\000c\000e\000\040\000R\000e\000f\000e\000r\000e\000n\000c\000e}{chapter.4}% 9
\BOOKMARK [1][-]{section.4.3}{\376\377\0004\000.\0003\000\040\000S\000t\000e\000g\000o\000s\000a\000u\000r\000u\000s\000.\000A\000l\000g\000o\000r\000i\000t\000h\000m\000.\000C\000o\000m\000m\000o\000n\000S\000a\000m\000p\000l\000e\000\040\000N\000a\000m\000e\000s\000p\000a\000c\000e\000\040\000R\000e\000f\000e\000r\000e\000n\000c\000e}{chapter.4}% 10
\BOOKMARK [1][-]{section.4.4}{\376\377\0004\000.\0004\000\040\000S\000t\000e\000g\000o\000s\000a\000u\000r\000u\000s\000.\000A\000l\000g\000o\000r\000i\000t\000h\000m\000.\000G\000r\000a\000p\000h\000T\000h\000e\000o\000r\000y\000\040\000N\000a\000m\000e\000s\000p\000a\000c\000e\000\040\000R\000e\000f\000e\000r\000e\000n\000c\000e}{chapter.4}% 11
\BOOKMARK [1][-]{section.4.5}{\376\377\0004\000.\0005\000\040\000S\000t\000e\000g\000o\000s\000a\000u\000r\000u\000s\000.\000C\000a\000r\000r\000i\000e\000r\000\040\000N\000a\000m\000e\000s\000p\000a\000c\000e\000\040\000R\000e\000f\000e\000r\000e\000n\000c\000e}{chapter.4}% 12
\BOOKMARK [1][-]{section.4.6}{\376\377\0004\000.\0006\000\040\000S\000t\000e\000g\000o\000s\000a\000u\000r\000u\000s\000.\000C\000a\000r\000r\000i\000e\000r\000.\000A\000u\000d\000i\000o\000F\000o\000r\000m\000a\000t\000s\000\040\000N\000a\000m\000e\000s\000p\000a\000c\000e\000\040\000R\000e\000f\000e\000r\000e\000n\000c\000e}{chapter.4}% 13
\BOOKMARK [1][-]{section.4.7}{\376\377\0004\000.\0007\000\040\000S\000t\000e\000g\000o\000s\000a\000u\000r\000u\000s\000.\000C\000r\000y\000p\000t\000o\000g\000r\000a\000p\000h\000y\000\040\000N\000a\000m\000e\000s\000p\000a\000c\000e\000\040\000R\000e\000f\000e\000r\000e\000n\000c\000e}{chapter.4}% 14
\BOOKMARK [1][-]{section.4.8}{\376\377\0004\000.\0008\000\040\000S\000t\000e\000g\000o\000s\000a\000u\000r\000u\000s\000.\000E\000x\000c\000e\000p\000t\000i\000o\000n\000s\000\040\000N\000a\000m\000e\000s\000p\000a\000c\000e\000\040\000R\000e\000f\000e\000r\000e\000n\000c\000e}{chapter.4}% 15
\BOOKMARK [1][-]{section.4.9}{\376\377\0004\000.\0009\000\040\000S\000t\000e\000g\000o\000s\000a\000u\000r\000u\000s\000.\000E\000x\000t\000e\000n\000s\000i\000o\000n\000s\000\040\000N\000a\000m\000e\000s\000p\000a\000c\000e\000\040\000R\000e\000f\000e\000r\000e\000n\000c\000e}{chapter.4}% 16
\BOOKMARK [1][-]{section.4.10}{\376\377\0004\000.\0001\0000\000\040\000S\000t\000e\000g\000o\000s\000a\000u\000r\000u\000s\000.\000E\000x\000t\000e\000n\000s\000i\000o\000n\000s\000.\000I\000n\000p\000u\000t\000E\000x\000t\000e\000n\000s\000i\000o\000n\000s\000\040\000N\000a\000m\000e\000s\000p\000a\000c\000e\000\040\000R\000e\000f\000e\000r\000e\000n\000c\000e}{chapter.4}% 17
\BOOKMARK [1][-]{section.4.11}{\376\377\0004\000.\0001\0001\000\040\000S\000t\000e\000g\000o\000s\000a\000u\000r\000u\000s\000.\000F\000o\000r\000m\000s\000\040\000N\000a\000m\000e\000s\000p\000a\000c\000e\000\040\000R\000e\000f\000e\000r\000e\000n\000c\000e}{chapter.4}% 18
\BOOKMARK [1][-]{section.4.12}{\376\377\0004\000.\0001\0002\000\040\000S\000t\000e\000g\000o\000s\000a\000u\000r\000u\000s\000.\000P\000r\000o\000p\000e\000r\000t\000i\000e\000s\000\040\000N\000a\000m\000e\000s\000p\000a\000c\000e\000\040\000R\000e\000f\000e\000r\000e\000n\000c\000e}{chapter.4}% 19
\BOOKMARK [1][-]{section.4.13}{\376\377\0004\000.\0001\0003\000\040\000S\000t\000e\000g\000o\000s\000a\000u\000r\000u\000s\000.\000U\000t\000i\000l\000i\000t\000y\000\040\000N\000a\000m\000e\000s\000p\000a\000c\000e\000\040\000R\000e\000f\000e\000r\000e\000n\000c\000e}{chapter.4}% 20
\BOOKMARK [1][-]{section.4.14}{\376\377\0004\000.\0001\0004\000\040\000S\000t\000e\000g\000o\000s\000a\000u\000r\000u\000s\000.\000U\000t\000i\000l\000i\000t\000y\000.\000E\000x\000t\000e\000n\000s\000i\000o\000n\000s\000\040\000N\000a\000m\000e\000s\000p\000a\000c\000e\000\040\000R\000e\000f\000e\000r\000e\000n\000c\000e}{chapter.4}% 21
\BOOKMARK [1][-]{section.4.15}{\376\377\0004\000.\0001\0005\000\040\000S\000t\000e\000g\000o\000s\000a\000u\000r\000u\000s\000.\000U\000t\000i\000l\000i\000t\000y\000.\000I\000n\000p\000u\000t\000T\000y\000p\000e\000s\000\040\000N\000a\000m\000e\000s\000p\000a\000c\000e\000\040\000R\000e\000f\000e\000r\000e\000n\000c\000e}{chapter.4}% 22
\BOOKMARK [0][-]{chapter.5}{\376\377\0005\000\040\000C\000l\000a\000s\000s\000\040\000D\000o\000c\000u\000m\000e\000n\000t\000a\000t\000i\000o\000n}{}% 23
\BOOKMARK [1][-]{section.5.1}{\376\377\0005\000.\0001\000\040\000S\000t\000e\000g\000o\000s\000a\000u\000r\000u\000s\000.\000C\000r\000y\000p\000t\000o\000g\000r\000a\000p\000h\000y\000.\000A\000E\000S\000P\000r\000o\000v\000i\000d\000e\000r\000\040\000C\000l\000a\000s\000s\000\040\000R\000e\000f\000e\000r\000e\000n\000c\000e}{chapter.5}% 24
\BOOKMARK [2][-]{subsection.5.1.1}{\376\377\0005\000.\0001\000.\0001\000\040\000M\000e\000m\000b\000e\000r\000\040\000F\000u\000n\000c\000t\000i\000o\000n\000\040\000D\000o\000c\000u\000m\000e\000n\000t\000a\000t\000i\000o\000n}{section.5.1}% 25
\BOOKMARK [3][-]{subsubsection.5.1.1.1}{\376\377\0005\000.\0001\000.\0001\000.\0001\000\040\000D\000e\000c\000r\000y\000p\000t\000\050\000b\000y\000t\000e\000[\000]\000\040\000d\000a\000t\000a\000\051}{subsection.5.1.1}% 26
\BOOKMARK [3][-]{subsubsection.5.1.1.2}{\376\377\0005\000.\0001\000.\0001\000.\0002\000\040\000E\000n\000c\000r\000y\000p\000t\000\050\000b\000y\000t\000e\000[\000]\000\040\000d\000a\000t\000a\000\051}{subsection.5.1.1}% 27
\BOOKMARK [3][-]{subsubsection.5.1.1.3}{\376\377\0005\000.\0001\000.\0001\000.\0003\000\040\000G\000e\000n\000e\000r\000a\000t\000e\000K\000e\000y\000\050\000\051}{subsection.5.1.1}% 28
\BOOKMARK [3][-]{subsubsection.5.1.1.4}{\376\377\0005\000.\0001\000.\0001\000.\0004\000\040\000S\000e\000t\000K\000e\000y\000\050\000s\000t\000r\000i\000n\000g\000\040\000k\000e\000y\000S\000t\000r\000i\000n\000g\000\051}{subsection.5.1.1}% 29
\BOOKMARK [1][-]{section.5.2}{\376\377\0005\000.\0002\000\040\000S\000t\000e\000g\000o\000s\000a\000u\000r\000u\000s\000.\000C\000a\000r\000r\000i\000e\000r\000.\000A\000u\000d\000i\000o\000C\000a\000r\000r\000i\000e\000r\000\040\000C\000l\000a\000s\000s\000\040\000R\000e\000f\000e\000r\000e\000n\000c\000e}{chapter.5}% 30
\BOOKMARK [2][-]{subsection.5.2.1}{\376\377\0005\000.\0002\000.\0001\000\040\000C\000o\000n\000s\000t\000r\000u\000c\000t\000o\000r\000\040\000\046\000\040\000D\000e\000s\000t\000r\000u\000c\000t\000o\000r\000\040\000D\000o\000c\000u\000m\000e\000n\000t\000a\000t\000i\000o\000n}{section.5.2}% 31
\BOOKMARK [3][-]{subsubsection.5.2.1.1}{\376\377\0005\000.\0002\000.\0001\000.\0001\000\040\000A\000u\000d\000i\000o\000C\000a\000r\000r\000i\000e\000r\000\050\000s\000t\000r\000i\000n\000g\000\040\000f\000i\000l\000e\000P\000a\000t\000h\000\051}{subsection.5.2.1}% 32
\BOOKMARK [2][-]{subsection.5.2.2}{\376\377\0005\000.\0002\000.\0002\000\040\000M\000e\000m\000b\000e\000r\000\040\000F\000u\000n\000c\000t\000i\000o\000n\000\040\000D\000o\000c\000u\000m\000e\000n\000t\000a\000t\000i\000o\000n}{section.5.2}% 33
\BOOKMARK [3][-]{subsubsection.5.2.2.1}{\376\377\0005\000.\0002\000.\0002\000.\0001\000\040\000D\000e\000c\000o\000d\000e\000\050\000\051}{subsection.5.2.2}% 34
\BOOKMARK [3][-]{subsubsection.5.2.2.2}{\376\377\0005\000.\0002\000.\0002\000.\0002\000\040\000E\000n\000c\000o\000d\000e\000\050\000\051}{subsection.5.2.2}% 35
\BOOKMARK [3][-]{subsubsection.5.2.2.3}{\376\377\0005\000.\0002\000.\0002\000.\0003\000\040\000S\000a\000v\000e\000T\000o\000F\000i\000l\000e\000\050\000s\000t\000r\000i\000n\000g\000\040\000d\000e\000s\000t\000i\000n\000a\000t\000i\000o\000n\000\051}{subsection.5.2.2}% 36
\BOOKMARK [1][-]{section.5.3}{\376\377\0005\000.\0003\000\040\000S\000t\000e\000g\000o\000s\000a\000u\000r\000u\000s\000.\000C\000a\000r\000r\000i\000e\000r\000.\000A\000u\000d\000i\000o\000F\000o\000r\000m\000a\000t\000s\000.\000A\000u\000d\000i\000o\000F\000i\000l\000e\000\040\000C\000l\000a\000s\000s\000\040\000R\000e\000f\000e\000r\000e\000n\000c\000e}{chapter.5}% 37
\BOOKMARK [2][-]{subsection.5.3.1}{\376\377\0005\000.\0003\000.\0001\000\040\000C\000o\000n\000s\000t\000r\000u\000c\000t\000o\000r\000\040\000\046\000\040\000D\000e\000s\000t\000r\000u\000c\000t\000o\000r\000\040\000D\000o\000c\000u\000m\000e\000n\000t\000a\000t\000i\000o\000n}{section.5.3}% 38
\BOOKMARK [3][-]{subsubsection.5.3.1.1}{\376\377\0005\000.\0003\000.\0001\000.\0001\000\040\000A\000u\000d\000i\000o\000F\000i\000l\000e\000\050\000s\000t\000r\000i\000n\000g\000\040\000f\000i\000l\000e\000P\000a\000t\000h\000\051}{subsection.5.3.1}% 39
\BOOKMARK [2][-]{subsection.5.3.2}{\376\377\0005\000.\0003\000.\0002\000\040\000M\000e\000m\000b\000e\000r\000\040\000F\000u\000n\000c\000t\000i\000o\000n\000\040\000D\000o\000c\000u\000m\000e\000n\000t\000a\000t\000i\000o\000n}{section.5.3}% 40
\BOOKMARK [3][-]{subsubsection.5.3.2.1}{\376\377\0005\000.\0003\000.\0002\000.\0001\000\040\000C\000o\000p\000y\000I\000n\000n\000e\000r\000D\000a\000t\000a\000\050\000\051}{subsection.5.3.2}% 41
\BOOKMARK [3][-]{subsubsection.5.3.2.2}{\376\377\0005\000.\0003\000.\0002\000.\0002\000\040\000P\000a\000r\000s\000e\000\050\000s\000t\000r\000i\000n\000g\000\040\000f\000i\000l\000e\000P\000a\000t\000h\000\051}{subsection.5.3.2}% 42
\BOOKMARK [3][-]{subsubsection.5.3.2.3}{\376\377\0005\000.\0003\000.\0002\000.\0003\000\040\000S\000e\000t\000I\000n\000n\000e\000r\000D\000a\000t\000a\000\050\000b\000y\000t\000e\000[\000]\000\040\000i\000n\000n\000e\000r\000D\000a\000t\000a\000\051}{subsection.5.3.2}% 43
\BOOKMARK [3][-]{subsubsection.5.3.2.4}{\376\377\0005\000.\0003\000.\0002\000.\0004\000\040\000T\000o\000A\000r\000r\000a\000y\000\050\000\051}{subsection.5.3.2}% 44
\BOOKMARK [2][-]{subsection.5.3.3}{\376\377\0005\000.\0003\000.\0003\000\040\000P\000r\000o\000p\000e\000r\000t\000y\000\040\000D\000o\000c\000u\000m\000e\000n\000t\000a\000t\000i\000o\000n}{section.5.3}% 45
\BOOKMARK [3][-]{subsubsection.5.3.3.1}{\376\377\0005\000.\0003\000.\0003\000.\0001\000\040\000B\000i\000t\000s\000P\000e\000r\000S\000a\000m\000p\000l\000e}{subsection.5.3.3}% 46
\BOOKMARK [3][-]{subsubsection.5.3.3.2}{\376\377\0005\000.\0003\000.\0003\000.\0002\000\040\000B\000l\000o\000c\000k\000A\000l\000i\000g\000n}{subsection.5.3.3}% 47
\BOOKMARK [3][-]{subsubsection.5.3.3.3}{\376\377\0005\000.\0003\000.\0003\000.\0003\000\040\000B\000y\000t\000e\000R\000a\000t\000e}{subsection.5.3.3}% 48
\BOOKMARK [3][-]{subsubsection.5.3.3.4}{\376\377\0005\000.\0003\000.\0003\000.\0004\000\040\000N\000u\000m\000b\000e\000r\000O\000f\000C\000h\000a\000n\000n\000e\000l\000s}{subsection.5.3.3}% 49
\BOOKMARK [3][-]{subsubsection.5.3.3.5}{\376\377\0005\000.\0003\000.\0003\000.\0005\000\040\000S\000a\000m\000p\000l\000e\000R\000a\000t\000e}{subsection.5.3.3}% 50
\BOOKMARK [1][-]{section.5.4}{\376\377\0005\000.\0004\000\040\000S\000t\000e\000g\000o\000s\000a\000u\000r\000u\000s\000.\000U\000t\000i\000l\000i\000t\000y\000.\000I\000n\000p\000u\000t\000T\000y\000p\000e\000s\000.\000C\000a\000r\000r\000i\000e\000r\000T\000y\000p\000e\000\040\000C\000l\000a\000s\000s\000\040\000R\000e\000f\000e\000r\000e\000n\000c\000e}{chapter.5}% 51
\BOOKMARK [1][-]{section.5.5}{\376\377\0005\000.\0005\000\040\000S\000t\000e\000g\000o\000s\000a\000u\000r\000u\000s\000.\000E\000x\000t\000e\000n\000s\000i\000o\000n\000s\000.\000I\000n\000p\000u\000t\000E\000x\000t\000e\000n\000s\000i\000o\000n\000s\000.\000C\000a\000r\000r\000i\000e\000r\000T\000y\000p\000e\000\040\000C\000l\000a\000s\000s\000\040\000R\000e\000f\000e\000r\000e\000n\000c\000e}{chapter.5}% 52
\BOOKMARK [1][-]{section.5.6}{\376\377\0005\000.\0006\000\040\000S\000t\000e\000g\000o\000s\000a\000u\000r\000u\000s\000.\000A\000l\000g\000o\000r\000i\000t\000h\000m\000.\000C\000o\000m\000m\000o\000n\000S\000a\000m\000p\000l\000e\000A\000l\000g\000o\000r\000i\000t\000h\000m\000\040\000C\000l\000a\000s\000s\000\040\000R\000e\000f\000e\000r\000e\000n\000c\000e}{chapter.5}% 53
\BOOKMARK [2][-]{subsection.5.6.1}{\376\377\0005\000.\0006\000.\0001\000\040\000M\000e\000m\000b\000e\000r\000\040\000F\000u\000n\000c\000t\000i\000o\000n\000\040\000D\000o\000c\000u\000m\000e\000n\000t\000a\000t\000i\000o\000n}{section.5.6}% 54
\BOOKMARK [3][-]{subsubsection.5.6.1.1}{\376\377\0005\000.\0006\000.\0001\000.\0001\000\040\000C\000o\000m\000p\000u\000t\000e\000B\000a\000n\000d\000w\000i\000d\000t\000h\000\050\000\051}{subsection.5.6.1}% 55
\BOOKMARK [3][-]{subsubsection.5.6.1.2}{\376\377\0005\000.\0006\000.\0001\000.\0002\000\040\000E\000m\000b\000e\000d\000\050\000S\000t\000e\000g\000o\000M\000e\000s\000s\000a\000g\000e\000\040\000m\000e\000s\000s\000a\000g\000e\000,\000\040\000I\000P\000r\000o\000g\000r\000e\000s\000s\000<\000\040\000i\000n\000t\000\040\000>\000\040\000p\000r\000o\000g\000r\000e\000s\000s\000,\000\040\000C\000a\000n\000c\000e\000l\000l\000a\000t\000i\000o\000n\000T\000o\000k\000e\000n\000\040\000c\000t\000\051}{subsection.5.6.1}% 56
\BOOKMARK [3][-]{subsubsection.5.6.1.3}{\376\377\0005\000.\0006\000.\0001\000.\0003\000\040\000E\000x\000t\000r\000a\000c\000t\000\050\000\051}{subsection.5.6.1}% 57
\BOOKMARK [2][-]{subsection.5.6.2}{\376\377\0005\000.\0006\000.\0002\000\040\000P\000r\000o\000p\000e\000r\000t\000y\000\040\000D\000o\000c\000u\000m\000e\000n\000t\000a\000t\000i\000o\000n}{section.5.6}% 58
\BOOKMARK [3][-]{subsubsection.5.6.2.1}{\376\377\0005\000.\0006\000.\0002\000.\0001\000\040\000M\000a\000x\000D\000i\000s\000t\000a\000n\000c\000e}{subsection.5.6.2}% 59
\BOOKMARK [3][-]{subsubsection.5.6.2.2}{\376\377\0005\000.\0006\000.\0002\000.\0002\000\040\000M\000a\000x\000S\000a\000m\000p\000l\000e\000C\000o\000u\000n\000t}{subsection.5.6.2}% 60
\BOOKMARK [1][-]{section.5.7}{\376\377\0005\000.\0007\000\040\000S\000t\000e\000g\000o\000s\000a\000u\000r\000u\000s\000.\000U\000t\000i\000l\000i\000t\000y\000.\000I\000n\000p\000u\000t\000T\000y\000p\000e\000s\000.\000C\000o\000n\000t\000e\000n\000t\000T\000y\000p\000e\000\040\000C\000l\000a\000s\000s\000\040\000R\000e\000f\000e\000r\000e\000n\000c\000e}{chapter.5}% 61
\BOOKMARK [1][-]{section.5.8}{\376\377\0005\000.\0008\000\040\000S\000t\000e\000g\000o\000s\000a\000u\000r\000u\000s\000.\000E\000x\000t\000e\000n\000s\000i\000o\000n\000s\000.\000I\000n\000p\000u\000t\000E\000x\000t\000e\000n\000s\000i\000o\000n\000s\000.\000C\000o\000n\000t\000e\000n\000t\000T\000y\000p\000e\000\040\000C\000l\000a\000s\000s\000\040\000R\000e\000f\000e\000r\000e\000n\000c\000e}{chapter.5}% 62
\BOOKMARK [1][-]{section.5.9}{\376\377\0005\000.\0009\000\040\000S\000t\000e\000g\000o\000s\000a\000u\000r\000u\000s\000.\000A\000l\000g\000o\000r\000i\000t\000h\000m\000.\000G\000r\000a\000p\000h\000T\000h\000e\000o\000r\000y\000.\000C\000o\000u\000n\000t\000e\000d\000V\000e\000r\000t\000i\000c\000e\000L\000i\000s\000t\000\040\000C\000l\000a\000s\000s\000\040\000R\000e\000f\000e\000r\000e\000n\000c\000e}{chapter.5}% 63
\BOOKMARK [1][-]{section.5.10}{\376\377\0005\000.\0001\0000\000\040\000S\000t\000e\000g\000o\000s\000a\000u\000r\000u\000s\000.\000A\000l\000g\000o\000r\000i\000t\000h\000m\000.\000G\000r\000a\000p\000h\000T\000h\000e\000o\000r\000y\000.\000E\000d\000g\000e\000\040\000C\000l\000a\000s\000s\000\040\000R\000e\000f\000e\000r\000e\000n\000c\000e}{chapter.5}% 64
\BOOKMARK [1][-]{section.5.11}{\376\377\0005\000.\0001\0001\000\040\000S\000t\000e\000g\000o\000s\000a\000u\000r\000u\000s\000.\000F\000o\000r\000m\000s\000.\000F\000o\000r\000m\000E\000m\000b\000e\000d\000d\000i\000n\000g\000P\000r\000o\000g\000r\000e\000s\000s\000\040\000C\000l\000a\000s\000s\000\040\000R\000e\000f\000e\000r\000e\000n\000c\000e}{chapter.5}% 65
\BOOKMARK [2][-]{subsection.5.11.1}{\376\377\0005\000.\0001\0001\000.\0001\000\040\000M\000e\000m\000b\000e\000r\000\040\000F\000u\000n\000c\000t\000i\000o\000n\000\040\000D\000o\000c\000u\000m\000e\000n\000t\000a\000t\000i\000o\000n}{section.5.11}% 66
\BOOKMARK [3][-]{subsubsection.5.11.1.1}{\376\377\0005\000.\0001\0001\000.\0001\000.\0001\000\040\000D\000i\000s\000p\000o\000s\000e\000\050\000b\000o\000o\000l\000\040\000d\000i\000s\000p\000o\000s\000i\000n\000g\000\051}{subsection.5.11.1}% 67
\BOOKMARK [1][-]{section.5.12}{\376\377\0005\000.\0001\0002\000\040\000S\000t\000e\000g\000o\000s\000a\000u\000r\000u\000s\000.\000F\000o\000r\000m\000s\000.\000F\000o\000r\000m\000M\000a\000i\000n\000\040\000C\000l\000a\000s\000s\000\040\000R\000e\000f\000e\000r\000e\000n\000c\000e}{chapter.5}% 68
\BOOKMARK [2][-]{subsection.5.12.1}{\376\377\0005\000.\0001\0002\000.\0001\000\040\000M\000e\000m\000b\000e\000r\000\040\000F\000u\000n\000c\000t\000i\000o\000n\000\040\000D\000o\000c\000u\000m\000e\000n\000t\000a\000t\000i\000o\000n}{section.5.12}% 69
\BOOKMARK [3][-]{subsubsection.5.12.1.1}{\376\377\0005\000.\0001\0002\000.\0001\000.\0001\000\040\000D\000i\000s\000p\000o\000s\000e\000\050\000b\000o\000o\000l\000\040\000d\000i\000s\000p\000o\000s\000i\000n\000g\000\051}{subsection.5.12.1}% 70
\BOOKMARK [1][-]{section.5.13}{\376\377\0005\000.\0001\0003\000\040\000S\000t\000e\000g\000o\000s\000a\000u\000r\000u\000s\000.\000A\000l\000g\000o\000r\000i\000t\000h\000m\000.\000G\000r\000a\000p\000h\000T\000h\000e\000o\000r\000e\000t\000i\000c\000A\000l\000g\000o\000r\000i\000t\000h\000m\000\040\000C\000l\000a\000s\000s\000\040\000R\000e\000f\000e\000r\000e\000n\000c\000e}{chapter.5}% 71
\BOOKMARK [2][-]{subsection.5.13.1}{\376\377\0005\000.\0001\0003\000.\0001\000\040\000M\000e\000m\000b\000e\000r\000\040\000F\000u\000n\000c\000t\000i\000o\000n\000\040\000D\000o\000c\000u\000m\000e\000n\000t\000a\000t\000i\000o\000n}{section.5.13}% 72
\BOOKMARK [3][-]{subsubsection.5.13.1.1}{\376\377\0005\000.\0001\0003\000.\0001\000.\0001\000\040\000C\000o\000m\000p\000u\000t\000e\000B\000a\000n\000d\000w\000i\000d\000t\000h\000\050\000\051}{subsection.5.13.1}% 73
\BOOKMARK [3][-]{subsubsection.5.13.1.2}{\376\377\0005\000.\0001\0003\000.\0001\000.\0002\000\040\000E\000m\000b\000e\000d\000\050\000S\000t\000e\000g\000o\000M\000e\000s\000s\000a\000g\000e\000\040\000m\000e\000s\000s\000a\000g\000e\000,\000\040\000I\000P\000r\000o\000g\000r\000e\000s\000s\000<\000\040\000i\000n\000t\000\040\000>\000\040\000p\000r\000o\000g\000r\000e\000s\000s\000,\000\040\000C\000a\000n\000c\000e\000l\000l\000a\000t\000i\000o\000n\000T\000o\000k\000e\000n\000\040\000c\000t\000\051}{subsection.5.13.1}% 74
\BOOKMARK [3][-]{subsubsection.5.13.1.3}{\376\377\0005\000.\0001\0003\000.\0001\000.\0003\000\040\000E\000x\000t\000r\000a\000c\000t\000\050\000\051}{subsection.5.13.1}% 75
\BOOKMARK [1][-]{section.5.14}{\376\377\0005\000.\0001\0004\000\040\000S\000t\000e\000g\000o\000s\000a\000u\000r\000u\000s\000.\000C\000a\000r\000r\000i\000e\000r\000.\000I\000C\000a\000r\000r\000i\000e\000r\000M\000e\000d\000i\000a\000\040\000I\000n\000t\000e\000r\000f\000a\000c\000e\000\040\000R\000e\000f\000e\000r\000e\000n\000c\000e}{chapter.5}% 76
\BOOKMARK [2][-]{subsection.5.14.1}{\376\377\0005\000.\0001\0004\000.\0001\000\040\000M\000e\000m\000b\000e\000r\000\040\000F\000u\000n\000c\000t\000i\000o\000n\000\040\000D\000o\000c\000u\000m\000e\000n\000t\000a\000t\000i\000o\000n}{section.5.14}% 77
\BOOKMARK [3][-]{subsubsection.5.14.1.1}{\376\377\0005\000.\0001\0004\000.\0001\000.\0001\000\040\000D\000e\000c\000o\000d\000e\000\050\000\051}{subsection.5.14.1}% 78
\BOOKMARK [3][-]{subsubsection.5.14.1.2}{\376\377\0005\000.\0001\0004\000.\0001\000.\0002\000\040\000E\000n\000c\000o\000d\000e\000\050\000\051}{subsection.5.14.1}% 79
\BOOKMARK [3][-]{subsubsection.5.14.1.3}{\376\377\0005\000.\0001\0004\000.\0001\000.\0003\000\040\000S\000a\000v\000e\000T\000o\000F\000i\000l\000e\000\050\000s\000t\000r\000i\000n\000g\000\040\000d\000e\000s\000t\000i\000n\000a\000t\000i\000o\000n\000\051}{subsection.5.14.1}% 80
\BOOKMARK [2][-]{subsection.5.14.2}{\376\377\0005\000.\0001\0004\000.\0002\000\040\000P\000r\000o\000p\000e\000r\000t\000y\000\040\000D\000o\000c\000u\000m\000e\000n\000t\000a\000t\000i\000o\000n}{section.5.14}% 81
\BOOKMARK [3][-]{subsubsection.5.14.2.1}{\376\377\0005\000.\0001\0004\000.\0002\000.\0001\000\040\000B\000y\000t\000e\000A\000r\000r\000a\000y}{subsection.5.14.2}% 82
\BOOKMARK [3][-]{subsubsection.5.14.2.2}{\376\377\0005\000.\0001\0004\000.\0002\000.\0002\000\040\000B\000y\000t\000e\000s\000P\000e\000r\000S\000a\000m\000p\000l\000e}{subsection.5.14.2}% 83
\BOOKMARK [1][-]{section.5.15}{\376\377\0005\000.\0001\0005\000\040\000S\000t\000e\000g\000o\000s\000a\000u\000r\000u\000s\000.\000C\000r\000y\000p\000t\000o\000g\000r\000a\000p\000h\000y\000.\000I\000C\000r\000y\000p\000t\000o\000P\000r\000o\000v\000i\000d\000e\000r\000\040\000I\000n\000t\000e\000r\000f\000a\000c\000e\000\040\000R\000e\000f\000e\000r\000e\000n\000c\000e}{chapter.5}% 84
\BOOKMARK [2][-]{subsection.5.15.1}{\376\377\0005\000.\0001\0005\000.\0001\000\040\000M\000e\000m\000b\000e\000r\000\040\000F\000u\000n\000c\000t\000i\000o\000n\000\040\000D\000o\000c\000u\000m\000e\000n\000t\000a\000t\000i\000o\000n}{section.5.15}% 85
\BOOKMARK [3][-]{subsubsection.5.15.1.1}{\376\377\0005\000.\0001\0005\000.\0001\000.\0001\000\040\000D\000e\000c\000r\000y\000p\000t\000\050\000b\000y\000t\000e\000[\000]\000\040\000d\000a\000t\000a\000\051}{subsection.5.15.1}% 86
\BOOKMARK [3][-]{subsubsection.5.15.1.2}{\376\377\0005\000.\0001\0005\000.\0001\000.\0002\000\040\000E\000n\000c\000r\000y\000p\000t\000\050\000b\000y\000t\000e\000[\000]\000\040\000d\000a\000t\000a\000\051}{subsection.5.15.1}% 87
\BOOKMARK [3][-]{subsubsection.5.15.1.3}{\376\377\0005\000.\0001\0005\000.\0001\000.\0003\000\040\000G\000e\000n\000e\000r\000a\000t\000e\000K\000e\000y\000\050\000\051}{subsection.5.15.1}% 88
\BOOKMARK [3][-]{subsubsection.5.15.1.4}{\376\377\0005\000.\0001\0005\000.\0001\000.\0004\000\040\000S\000e\000t\000K\000e\000y\000\050\000s\000t\000r\000i\000n\000g\000\040\000k\000e\000y\000S\000t\000r\000i\000n\000g\000\051}{subsection.5.15.1}% 89
\BOOKMARK [2][-]{subsection.5.15.2}{\376\377\0005\000.\0001\0005\000.\0002\000\040\000P\000r\000o\000p\000e\000r\000t\000y\000\040\000D\000o\000c\000u\000m\000e\000n\000t\000a\000t\000i\000o\000n}{section.5.15}% 90
\BOOKMARK [3][-]{subsubsection.5.15.2.1}{\376\377\0005\000.\0001\0005\000.\0002\000.\0001\000\040\000K\000e\000y}{subsection.5.15.2}% 91
\BOOKMARK [3][-]{subsubsection.5.15.2.2}{\376\377\0005\000.\0001\0005\000.\0002\000.\0002\000\040\000K\000e\000y\000S\000i\000z\000e}{subsection.5.15.2}% 92
\BOOKMARK [3][-]{subsubsection.5.15.2.3}{\376\377\0005\000.\0001\0005\000.\0002\000.\0003\000\040\000N\000a\000m\000e}{subsection.5.15.2}% 93
\BOOKMARK [3][-]{subsubsection.5.15.2.4}{\376\377\0005\000.\0001\0005\000.\0002\000.\0004\000\040\000S\000e\000e\000d}{subsection.5.15.2}% 94
\BOOKMARK [1][-]{section.5.16}{\376\377\0005\000.\0001\0006\000\040\000S\000t\000e\000g\000o\000s\000a\000u\000r\000u\000s\000.\000U\000t\000i\000l\000i\000t\000y\000.\000I\000n\000p\000u\000t\000T\000y\000p\000e\000s\000.\000I\000I\000n\000p\000u\000t\000T\000y\000p\000e\000\040\000I\000n\000t\000e\000r\000f\000a\000c\000e\000\040\000R\000e\000f\000e\000r\000e\000n\000c\000e}{chapter.5}% 95
\BOOKMARK [1][-]{section.5.17}{\376\377\0005\000.\0001\0007\000\040\000S\000t\000e\000g\000o\000s\000a\000u\000r\000u\000s\000.\000E\000x\000t\000e\000n\000s\000i\000o\000n\000s\000.\000I\000n\000p\000u\000t\000E\000x\000t\000e\000n\000s\000i\000o\000n\000s\000.\000I\000I\000n\000p\000u\000t\000T\000y\000p\000e\000\040\000I\000n\000t\000e\000r\000f\000a\000c\000e\000\040\000R\000e\000f\000e\000r\000e\000n\000c\000e}{chapter.5}% 96
\BOOKMARK [1][-]{section.5.18}{\376\377\0005\000.\0001\0008\000\040\000S\000t\000e\000g\000o\000s\000a\000u\000r\000u\000s\000.\000C\000a\000r\000r\000i\000e\000r\000.\000I\000m\000a\000g\000e\000C\000a\000r\000r\000i\000e\000r\000\040\000C\000l\000a\000s\000s\000\040\000R\000e\000f\000e\000r\000e\000n\000c\000e}{chapter.5}% 97
\BOOKMARK [2][-]{subsection.5.18.1}{\376\377\0005\000.\0001\0008\000.\0001\000\040\000C\000o\000n\000s\000t\000r\000u\000c\000t\000o\000r\000\040\000\046\000\040\000D\000e\000s\000t\000r\000u\000c\000t\000o\000r\000\040\000D\000o\000c\000u\000m\000e\000n\000t\000a\000t\000i\000o\000n}{section.5.18}% 98
\BOOKMARK [3][-]{subsubsection.5.18.1.1}{\376\377\0005\000.\0001\0008\000.\0001\000.\0001\000\040\000I\000m\000a\000g\000e\000C\000a\000r\000r\000i\000e\000r\000\050\000I\000m\000a\000g\000e\000\040\000i\000m\000a\000g\000e\000\051}{subsection.5.18.1}% 99
\BOOKMARK [3][-]{subsubsection.5.18.1.2}{\376\377\0005\000.\0001\0008\000.\0001\000.\0002\000\040\000I\000m\000a\000g\000e\000C\000a\000r\000r\000i\000e\000r\000\050\000s\000t\000r\000i\000n\000g\000\040\000f\000i\000l\000e\000P\000a\000t\000h\000\051}{subsection.5.18.1}% 100
\BOOKMARK [2][-]{subsection.5.18.2}{\376\377\0005\000.\0001\0008\000.\0002\000\040\000M\000e\000m\000b\000e\000r\000\040\000F\000u\000n\000c\000t\000i\000o\000n\000\040\000D\000o\000c\000u\000m\000e\000n\000t\000a\000t\000i\000o\000n}{section.5.18}% 101
\BOOKMARK [3][-]{subsubsection.5.18.2.1}{\376\377\0005\000.\0001\0008\000.\0002\000.\0001\000\040\000D\000e\000c\000o\000d\000e\000\050\000\051}{subsection.5.18.2}% 102
\BOOKMARK [3][-]{subsubsection.5.18.2.2}{\376\377\0005\000.\0001\0008\000.\0002\000.\0002\000\040\000E\000n\000c\000o\000d\000e\000\050\000\051}{subsection.5.18.2}% 103
\BOOKMARK [3][-]{subsubsection.5.18.2.3}{\376\377\0005\000.\0001\0008\000.\0002\000.\0003\000\040\000S\000a\000v\000e\000T\000o\000F\000i\000l\000e\000\050\000s\000t\000r\000i\000n\000g\000\040\000d\000e\000s\000t\000i\000n\000a\000t\000i\000o\000n\000\051}{subsection.5.18.2}% 104
\BOOKMARK [2][-]{subsection.5.18.3}{\376\377\0005\000.\0001\0008\000.\0003\000\040\000M\000e\000m\000b\000e\000r\000\040\000D\000a\000t\000a\000\040\000D\000o\000c\000u\000m\000e\000n\000t\000a\000t\000i\000o\000n}{section.5.18}% 105
\BOOKMARK [3][-]{subsubsection.5.18.3.1}{\376\377\0005\000.\0001\0008\000.\0003\000.\0001\000\040\000I\000m\000a\000g\000e}{subsection.5.18.3}% 106
\BOOKMARK [1][-]{section.5.19}{\376\377\0005\000.\0001\0009\000\040\000S\000t\000e\000g\000o\000s\000a\000u\000r\000u\000s\000.\000I\000n\000p\000u\000t\000F\000i\000l\000e\000\040\000C\000l\000a\000s\000s\000\040\000R\000e\000f\000e\000r\000e\000n\000c\000e}{chapter.5}% 107
\BOOKMARK [2][-]{subsection.5.19.1}{\376\377\0005\000.\0001\0009\000.\0001\000\040\000C\000o\000n\000s\000t\000r\000u\000c\000t\000o\000r\000\040\000\046\000\040\000D\000e\000s\000t\000r\000u\000c\000t\000o\000r\000\040\000D\000o\000c\000u\000m\000e\000n\000t\000a\000t\000i\000o\000n}{section.5.19}% 108
\BOOKMARK [3][-]{subsubsection.5.19.1.1}{\376\377\0005\000.\0001\0009\000.\0001\000.\0001\000\040\000I\000n\000p\000u\000t\000F\000i\000l\000e\000\050\000s\000t\000r\000i\000n\000g\000\040\000n\000a\000m\000e\000,\000\040\000b\000y\000t\000e\000[\000]\000\040\000c\000o\000n\000t\000e\000n\000t\000\051}{subsection.5.19.1}% 109
\BOOKMARK [3][-]{subsubsection.5.19.1.2}{\376\377\0005\000.\0001\0009\000.\0001\000.\0002\000\040\000I\000n\000p\000u\000t\000F\000i\000l\000e\000\050\000s\000t\000r\000i\000n\000g\000\040\000f\000i\000l\000e\000P\000a\000t\000h\000\051}{subsection.5.19.1}% 110
\BOOKMARK [2][-]{subsection.5.19.2}{\376\377\0005\000.\0001\0009\000.\0002\000\040\000M\000e\000m\000b\000e\000r\000\040\000F\000u\000n\000c\000t\000i\000o\000n\000\040\000D\000o\000c\000u\000m\000e\000n\000t\000a\000t\000i\000o\000n}{section.5.19}% 111
\BOOKMARK [3][-]{subsubsection.5.19.2.1}{\376\377\0005\000.\0001\0009\000.\0002\000.\0001\000\040\000S\000a\000v\000e\000T\000o\000\050\000s\000t\000r\000i\000n\000g\000\040\000d\000e\000s\000t\000i\000n\000a\000t\000i\000o\000n\000\051}{subsection.5.19.2}% 112
\BOOKMARK [2][-]{subsection.5.19.3}{\376\377\0005\000.\0001\0009\000.\0003\000\040\000P\000r\000o\000p\000e\000r\000t\000y\000\040\000D\000o\000c\000u\000m\000e\000n\000t\000a\000t\000i\000o\000n}{section.5.19}% 113
\BOOKMARK [3][-]{subsubsection.5.19.3.1}{\376\377\0005\000.\0001\0009\000.\0003\000.\0001\000\040\000C\000o\000n\000t\000e\000n\000t}{subsection.5.19.3}% 114
\BOOKMARK [3][-]{subsubsection.5.19.3.2}{\376\377\0005\000.\0001\0009\000.\0003\000.\0002\000\040\000N\000a\000m\000e}{subsection.5.19.3}% 115
\BOOKMARK [1][-]{section.5.20}{\376\377\0005\000.\0002\0000\000\040\000S\000t\000e\000g\000o\000s\000a\000u\000r\000u\000s\000.\000E\000x\000c\000e\000p\000t\000i\000o\000n\000s\000.\000I\000n\000v\000a\000l\000i\000d\000C\000a\000r\000r\000i\000e\000r\000F\000i\000l\000e\000E\000x\000c\000e\000p\000t\000i\000o\000n\000\040\000C\000l\000a\000s\000s\000\040\000R\000e\000f\000e\000r\000e\000n\000c\000e}{chapter.5}% 116
\BOOKMARK [1][-]{section.5.21}{\376\377\0005\000.\0002\0001\000\040\000S\000t\000e\000g\000o\000s\000a\000u\000r\000u\000s\000.\000E\000x\000c\000e\000p\000t\000i\000o\000n\000s\000.\000I\000n\000v\000a\000l\000i\000d\000I\000m\000a\000g\000e\000F\000i\000l\000e\000E\000x\000c\000e\000p\000t\000i\000o\000n\000\040\000C\000l\000a\000s\000s\000\040\000R\000e\000f\000e\000r\000e\000n\000c\000e}{chapter.5}% 117
\BOOKMARK [1][-]{section.5.22}{\376\377\0005\000.\0002\0002\000\040\000S\000t\000e\000g\000o\000s\000a\000u\000r\000u\000s\000.\000E\000x\000c\000e\000p\000t\000i\000o\000n\000s\000.\000I\000n\000v\000a\000l\000i\000d\000W\000a\000v\000e\000F\000i\000l\000e\000E\000x\000c\000e\000p\000t\000i\000o\000n\000\040\000C\000l\000a\000s\000s\000\040\000R\000e\000f\000e\000r\000e\000n\000c\000e}{chapter.5}% 118
\BOOKMARK [1][-]{section.5.23}{\376\377\0005\000.\0002\0003\000\040\000S\000t\000e\000g\000o\000s\000a\000u\000r\000u\000s\000.\000A\000l\000g\000o\000r\000i\000t\000h\000m\000.\000L\000S\000B\000A\000l\000g\000o\000r\000i\000t\000h\000m\000\040\000C\000l\000a\000s\000s\000\040\000R\000e\000f\000e\000r\000e\000n\000c\000e}{chapter.5}% 119
\BOOKMARK [2][-]{subsection.5.23.1}{\376\377\0005\000.\0002\0003\000.\0001\000\040\000M\000e\000m\000b\000e\000r\000\040\000E\000n\000u\000m\000e\000r\000a\000t\000i\000o\000n\000\040\000D\000o\000c\000u\000m\000e\000n\000t\000a\000t\000i\000o\000n}{section.5.23}% 120
\BOOKMARK [3][-]{subsubsection.5.23.1.1}{\376\377\0005\000.\0002\0003\000.\0001\000.\0001\000\040\000B\000i\000t\000V\000a\000l\000u\000e\000s}{subsection.5.23.1}% 121
\BOOKMARK [2][-]{subsection.5.23.2}{\376\377\0005\000.\0002\0003\000.\0002\000\040\000M\000e\000m\000b\000e\000r\000\040\000F\000u\000n\000c\000t\000i\000o\000n\000\040\000D\000o\000c\000u\000m\000e\000n\000t\000a\000t\000i\000o\000n}{section.5.23}% 122
\BOOKMARK [3][-]{subsubsection.5.23.2.1}{\376\377\0005\000.\0002\0003\000.\0002\000.\0001\000\040\000C\000o\000m\000p\000u\000t\000e\000B\000a\000n\000d\000w\000i\000d\000t\000h\000\050\000\051}{subsection.5.23.2}% 123
\BOOKMARK [3][-]{subsubsection.5.23.2.2}{\376\377\0005\000.\0002\0003\000.\0002\000.\0002\000\040\000E\000m\000b\000e\000d\000\050\000S\000t\000e\000g\000o\000M\000e\000s\000s\000a\000g\000e\000\040\000m\000e\000s\000s\000a\000g\000e\000,\000\040\000I\000P\000r\000o\000g\000r\000e\000s\000s\000<\000\040\000i\000n\000t\000\040\000>\000\040\000p\000r\000o\000g\000r\000e\000s\000s\000,\000\040\000C\000a\000n\000c\000e\000l\000l\000a\000t\000i\000o\000n\000T\000o\000k\000e\000n\000\040\000c\000t\000\051}{subsection.5.23.2}% 124
\BOOKMARK [3][-]{subsubsection.5.23.2.3}{\376\377\0005\000.\0002\0003\000.\0002\000.\0003\000\040\000E\000x\000t\000r\000a\000c\000t\000\050\000\051}{subsection.5.23.2}% 125
\BOOKMARK [2][-]{subsection.5.23.3}{\376\377\0005\000.\0002\0003\000.\0003\000\040\000P\000r\000o\000p\000e\000r\000t\000y\000\040\000D\000o\000c\000u\000m\000e\000n\000t\000a\000t\000i\000o\000n}{section.5.23}% 126
\BOOKMARK [3][-]{subsubsection.5.23.3.1}{\376\377\0005\000.\0002\0003\000.\0003\000.\0001\000\040\000W\000o\000r\000k\000i\000n\000g\000B\000i\000t}{subsection.5.23.3}% 127
\BOOKMARK [1][-]{section.5.24}{\376\377\0005\000.\0002\0004\000\040\000S\000t\000e\000g\000o\000s\000a\000u\000r\000u\000s\000.\000U\000t\000i\000l\000i\000t\000y\000.\000R\000a\000n\000d\000o\000m\000N\000u\000m\000b\000e\000r\000L\000i\000s\000t\000\040\000C\000l\000a\000s\000s\000\040\000R\000e\000f\000e\000r\000e\000n\000c\000e}{chapter.5}% 128
\BOOKMARK [2][-]{subsection.5.24.1}{\376\377\0005\000.\0002\0004\000.\0001\000\040\000C\000o\000n\000s\000t\000r\000u\000c\000t\000o\000r\000\040\000\046\000\040\000D\000e\000s\000t\000r\000u\000c\000t\000o\000r\000\040\000D\000o\000c\000u\000m\000e\000n\000t\000a\000t\000i\000o\000n}{section.5.24}% 129
\BOOKMARK [3][-]{subsubsection.5.24.1.1}{\376\377\0005\000.\0002\0004\000.\0001\000.\0001\000\040\000R\000a\000n\000d\000o\000m\000N\000u\000m\000b\000e\000r\000L\000i\000s\000t\000\050\000i\000n\000t\000\040\000s\000e\000e\000d\000,\000\040\000i\000n\000t\000\040\000m\000a\000x\000V\000a\000l\000u\000e\000\051}{subsection.5.24.1}% 130
\BOOKMARK [2][-]{subsection.5.24.2}{\376\377\0005\000.\0002\0004\000.\0002\000\040\000P\000r\000o\000p\000e\000r\000t\000y\000\040\000D\000o\000c\000u\000m\000e\000n\000t\000a\000t\000i\000o\000n}{section.5.24}% 131
\BOOKMARK [3][-]{subsubsection.5.24.2.1}{\376\377\0005\000.\0002\0004\000.\0002\000.\0001\000\040\000N\000e\000x\000t}{subsection.5.24.2}% 132
\BOOKMARK [1][-]{section.5.25}{\376\377\0005\000.\0002\0005\000\040\000S\000t\000e\000g\000o\000s\000a\000u\000r\000u\000s\000.\000E\000x\000c\000e\000p\000t\000i\000o\000n\000s\000.\000R\000a\000n\000d\000o\000m\000N\000u\000m\000b\000e\000r\000s\000O\000u\000t\000O\000f\000R\000a\000n\000g\000e\000E\000x\000c\000e\000p\000t\000i\000o\000n\000\040\000C\000l\000a\000s\000s\000\040\000R\000e\000f\000e\000r\000e\000n\000c\000e}{chapter.5}% 133
\BOOKMARK [1][-]{section.5.26}{\376\377\0005\000.\0002\0006\000\040\000S\000t\000e\000g\000o\000s\000a\000u\000r\000u\000s\000.\000C\000r\000y\000p\000t\000o\000g\000r\000a\000p\000h\000y\000.\000R\000S\000A\000K\000e\000y\000P\000a\000i\000r\000\040\000C\000l\000a\000s\000s\000\040\000R\000e\000f\000e\000r\000e\000n\000c\000e}{chapter.5}% 134
\BOOKMARK [1][-]{section.5.27}{\376\377\0005\000.\0002\0007\000\040\000S\000t\000e\000g\000o\000s\000a\000u\000r\000u\000s\000.\000C\000r\000y\000p\000t\000o\000g\000r\000a\000p\000h\000y\000.\000R\000S\000A\000P\000r\000o\000v\000i\000d\000e\000r\000\040\000C\000l\000a\000s\000s\000\040\000R\000e\000f\000e\000r\000e\000n\000c\000e}{chapter.5}% 135
\BOOKMARK [2][-]{subsection.5.27.1}{\376\377\0005\000.\0002\0007\000.\0001\000\040\000M\000e\000m\000b\000e\000r\000\040\000F\000u\000n\000c\000t\000i\000o\000n\000\040\000D\000o\000c\000u\000m\000e\000n\000t\000a\000t\000i\000o\000n}{section.5.27}% 136
\BOOKMARK [3][-]{subsubsection.5.27.1.1}{\376\377\0005\000.\0002\0007\000.\0001\000.\0001\000\040\000D\000e\000c\000r\000y\000p\000t\000\050\000b\000y\000t\000e\000[\000]\000\040\000d\000a\000t\000a\000\051}{subsection.5.27.1}% 137
\BOOKMARK [3][-]{subsubsection.5.27.1.2}{\376\377\0005\000.\0002\0007\000.\0001\000.\0002\000\040\000E\000n\000c\000r\000y\000p\000t\000\050\000b\000y\000t\000e\000[\000]\000\040\000d\000a\000t\000a\000\051}{subsection.5.27.1}% 138
\BOOKMARK [3][-]{subsubsection.5.27.1.3}{\376\377\0005\000.\0002\0007\000.\0001\000.\0003\000\040\000G\000e\000n\000e\000r\000a\000t\000e\000K\000e\000y\000\050\000\051}{subsection.5.27.1}% 139
\BOOKMARK [3][-]{subsubsection.5.27.1.4}{\376\377\0005\000.\0002\0007\000.\0001\000.\0004\000\040\000S\000e\000t\000K\000e\000y\000\050\000s\000t\000r\000i\000n\000g\000\040\000k\000e\000y\000S\000t\000r\000i\000n\000g\000\051}{subsection.5.27.1}% 140
\BOOKMARK [2][-]{subsection.5.27.2}{\376\377\0005\000.\0002\0007\000.\0002\000\040\000M\000e\000m\000b\000e\000r\000\040\000D\000a\000t\000a\000\040\000D\000o\000c\000u\000m\000e\000n\000t\000a\000t\000i\000o\000n}{section.5.27}% 141
\BOOKMARK [3][-]{subsubsection.5.27.2.1}{\376\377\0005\000.\0002\0007\000.\0002\000.\0001\000\040\000S\000e\000e\000d}{subsection.5.27.2}% 142
\BOOKMARK [1][-]{section.5.28}{\376\377\0005\000.\0002\0008\000\040\000S\000t\000e\000g\000o\000s\000a\000u\000r\000u\000s\000.\000A\000l\000g\000o\000r\000i\000t\000h\000m\000.\000G\000r\000a\000p\000h\000T\000h\000e\000o\000r\000y\000.\000S\000a\000m\000p\000l\000e\000\040\000C\000l\000a\000s\000s\000\040\000R\000e\000f\000e\000r\000e\000n\000c\000e}{chapter.5}% 143
\BOOKMARK [1][-]{section.5.29}{\376\377\0005\000.\0002\0009\000\040\000S\000t\000e\000g\000o\000s\000a\000u\000r\000u\000s\000.\000A\000l\000g\000o\000r\000i\000t\000h\000m\000.\000C\000o\000m\000m\000o\000n\000S\000a\000m\000p\000l\000e\000.\000S\000a\000m\000p\000l\000e\000\040\000C\000l\000a\000s\000s\000\040\000R\000e\000f\000e\000r\000e\000n\000c\000e}{chapter.5}% 144
\BOOKMARK [2][-]{subsection.5.29.1}{\376\377\0005\000.\0002\0009\000.\0001\000\040\000M\000e\000m\000b\000e\000r\000\040\000F\000u\000n\000c\000t\000i\000o\000n\000\040\000D\000o\000c\000u\000m\000e\000n\000t\000a\000t\000i\000o\000n}{section.5.29}% 145
\BOOKMARK [3][-]{subsubsection.5.29.1.1}{\376\377\0005\000.\0002\0009\000.\0001\000.\0001\000\040\000G\000e\000t\000S\000a\000m\000p\000l\000e\000L\000i\000s\000t\000F\000r\000o\000m\000\050\000I\000C\000a\000r\000r\000i\000e\000r\000M\000e\000d\000i\000a\000\040\000c\000a\000r\000r\000i\000e\000r\000M\000e\000d\000i\000a\000\051}{subsection.5.29.1}% 146
\BOOKMARK [1][-]{section.5.30}{\376\377\0005\000.\0003\0000\000\040\000S\000t\000e\000g\000o\000s\000a\000u\000r\000u\000s\000.\000A\000l\000g\000o\000r\000i\000t\000h\000m\000.\000S\000t\000e\000g\000o\000A\000l\000g\000o\000r\000i\000t\000h\000m\000B\000a\000s\000e\000\040\000C\000l\000a\000s\000s\000\040\000R\000e\000f\000e\000r\000e\000n\000c\000e}{chapter.5}% 147
\BOOKMARK [2][-]{subsection.5.30.1}{\376\377\0005\000.\0003\0000\000.\0001\000\040\000M\000e\000m\000b\000e\000r\000\040\000F\000u\000n\000c\000t\000i\000o\000n\000\040\000D\000o\000c\000u\000m\000e\000n\000t\000a\000t\000i\000o\000n}{section.5.30}% 148
\BOOKMARK [3][-]{subsubsection.5.30.1.1}{\376\377\0005\000.\0003\0000\000.\0001\000.\0001\000\040\000C\000o\000m\000p\000u\000t\000e\000B\000a\000n\000d\000w\000i\000d\000t\000h\000\050\000\051}{subsection.5.30.1}% 149
\BOOKMARK [3][-]{subsubsection.5.30.1.2}{\376\377\0005\000.\0003\0000\000.\0001\000.\0002\000\040\000E\000m\000b\000e\000d\000\050\000S\000t\000e\000g\000o\000M\000e\000s\000s\000a\000g\000e\000\040\000m\000e\000s\000s\000a\000g\000e\000,\000\040\000I\000P\000r\000o\000g\000r\000e\000s\000s\000<\000\040\000i\000n\000t\000\040\000>\000\040\000p\000r\000o\000g\000r\000e\000s\000s\000,\000\040\000C\000a\000n\000c\000e\000l\000l\000a\000t\000i\000o\000n\000T\000o\000k\000e\000n\000\040\000c\000t\000\051}{subsection.5.30.1}% 150
\BOOKMARK [3][-]{subsubsection.5.30.1.3}{\376\377\0005\000.\0003\0000\000.\0001\000.\0003\000\040\000E\000x\000t\000r\000a\000c\000t\000\050\000\051}{subsection.5.30.1}% 151
\BOOKMARK [2][-]{subsection.5.30.2}{\376\377\0005\000.\0003\0000\000.\0002\000\040\000M\000e\000m\000b\000e\000r\000\040\000D\000a\000t\000a\000\040\000D\000o\000c\000u\000m\000e\000n\000t\000a\000t\000i\000o\000n}{section.5.30}% 152
\BOOKMARK [3][-]{subsubsection.5.30.2.1}{\376\377\0005\000.\0003\0000\000.\0002\000.\0001\000\040\000S\000e\000e\000d}{subsection.5.30.2}% 153
\BOOKMARK [2][-]{subsection.5.30.3}{\376\377\0005\000.\0003\0000\000.\0003\000\040\000P\000r\000o\000p\000e\000r\000t\000y\000\040\000D\000o\000c\000u\000m\000e\000n\000t\000a\000t\000i\000o\000n}{section.5.30}% 154
\BOOKMARK [3][-]{subsubsection.5.30.3.1}{\376\377\0005\000.\0003\0000\000.\0003\000.\0001\000\040\000C\000a\000r\000r\000i\000e\000r\000M\000e\000d\000i\000a}{subsection.5.30.3}% 155
\BOOKMARK [3][-]{subsubsection.5.30.3.2}{\376\377\0005\000.\0003\0000\000.\0003\000.\0002\000\040\000C\000r\000y\000p\000t\000o\000P\000r\000o\000v\000i\000d\000e\000r}{subsection.5.30.3}% 156
\BOOKMARK [3][-]{subsubsection.5.30.3.3}{\376\377\0005\000.\0003\0000\000.\0003\000.\0003\000\040\000N\000a\000m\000e}{subsection.5.30.3}% 157
\BOOKMARK [3][-]{subsubsection.5.30.3.4}{\376\377\0005\000.\0003\0000\000.\0003\000.\0004\000\040\000S\000i\000g\000n\000a\000t\000u\000r\000e}{subsection.5.30.3}% 158
\BOOKMARK [1][-]{section.5.31}{\376\377\0005\000.\0003\0001\000\040\000S\000t\000e\000g\000o\000s\000a\000u\000r\000u\000s\000.\000E\000x\000c\000e\000p\000t\000i\000o\000n\000s\000.\000S\000t\000e\000g\000o\000A\000l\000g\000o\000r\000i\000t\000h\000m\000E\000x\000c\000e\000p\000t\000i\000o\000n\000\040\000C\000l\000a\000s\000s\000\040\000R\000e\000f\000e\000r\000e\000n\000c\000e}{chapter.5}% 159
\BOOKMARK [1][-]{section.5.32}{\376\377\0005\000.\0003\0002\000\040\000S\000t\000e\000g\000o\000s\000a\000u\000r\000u\000s\000.\000E\000x\000c\000e\000p\000t\000i\000o\000n\000s\000.\000S\000t\000e\000g\000o\000C\000r\000y\000p\000t\000o\000E\000x\000c\000e\000p\000t\000i\000o\000n\000\040\000C\000l\000a\000s\000s\000\040\000R\000e\000f\000e\000r\000e\000n\000c\000e}{chapter.5}% 160
\BOOKMARK [1][-]{section.5.33}{\376\377\0005\000.\0003\0003\000\040\000S\000t\000e\000g\000o\000s\000a\000u\000r\000u\000s\000.\000S\000t\000e\000g\000o\000M\000e\000s\000s\000a\000g\000e\000\040\000C\000l\000a\000s\000s\000\040\000R\000e\000f\000e\000r\000e\000n\000c\000e}{chapter.5}% 161
\BOOKMARK [2][-]{subsection.5.33.1}{\376\377\0005\000.\0003\0003\000.\0001\000\040\000C\000o\000n\000s\000t\000r\000u\000c\000t\000o\000r\000\040\000\046\000\040\000D\000e\000s\000t\000r\000u\000c\000t\000o\000r\000\040\000D\000o\000c\000u\000m\000e\000n\000t\000a\000t\000i\000o\000n}{section.5.33}% 162
\BOOKMARK [3][-]{subsubsection.5.33.1.1}{\376\377\0005\000.\0003\0003\000.\0001\000.\0001\000\040\000S\000t\000e\000g\000o\000M\000e\000s\000s\000a\000g\000e\000\050\000\051}{subsection.5.33.1}% 163
\BOOKMARK [3][-]{subsubsection.5.33.1.2}{\376\377\0005\000.\0003\0003\000.\0001\000.\0002\000\040\000S\000t\000e\000g\000o\000M\000e\000s\000s\000a\000g\000e\000\050\000s\000t\000r\000i\000n\000g\000\040\000t\000e\000x\000t\000M\000e\000s\000s\000a\000g\000e\000\051}{subsection.5.33.1}% 164
\BOOKMARK [3][-]{subsubsection.5.33.1.3}{\376\377\0005\000.\0003\0003\000.\0001\000.\0003\000\040\000S\000t\000e\000g\000o\000M\000e\000s\000s\000a\000g\000e\000\050\000b\000y\000t\000e\000[\000]\000\040\000f\000r\000o\000m\000A\000r\000r\000a\000y\000,\000\040\000I\000C\000r\000y\000p\000t\000o\000P\000r\000o\000v\000i\000d\000e\000r\000\040\000c\000r\000y\000p\000t\000o\000P\000r\000o\000v\000i\000d\000e\000r\000=\000n\000u\000l\000l\000\051}{subsection.5.33.1}% 165
\BOOKMARK [2][-]{subsection.5.33.2}{\376\377\0005\000.\0003\0003\000.\0002\000\040\000M\000e\000m\000b\000e\000r\000\040\000F\000u\000n\000c\000t\000i\000o\000n\000\040\000D\000o\000c\000u\000m\000e\000n\000t\000a\000t\000i\000o\000n}{section.5.33}% 166
\BOOKMARK [3][-]{subsubsection.5.33.2.1}{\376\377\0005\000.\0003\0003\000.\0002\000.\0001\000\040\000G\000e\000t\000C\000o\000m\000p\000r\000e\000s\000s\000e\000d\000S\000i\000z\000e\000\050\000\051}{subsection.5.33.2}% 167
\BOOKMARK [3][-]{subsubsection.5.33.2.2}{\376\377\0005\000.\0003\0003\000.\0002\000.\0002\000\040\000T\000o\000B\000y\000t\000e\000A\000r\000r\000a\000y\000\050\000I\000C\000r\000y\000p\000t\000o\000P\000r\000o\000v\000i\000d\000e\000r\000\040\000c\000r\000y\000p\000t\000o\000P\000r\000o\000v\000i\000d\000e\000r\000=\000n\000u\000l\000l\000\051}{subsection.5.33.2}% 168
\BOOKMARK [2][-]{subsection.5.33.3}{\376\377\0005\000.\0003\0003\000.\0003\000\040\000P\000r\000o\000p\000e\000r\000t\000y\000\040\000D\000o\000c\000u\000m\000e\000n\000t\000a\000t\000i\000o\000n}{section.5.33}% 169
\BOOKMARK [3][-]{subsubsection.5.33.3.1}{\376\377\0005\000.\0003\0003\000.\0003\000.\0001\000\040\000I\000n\000p\000u\000t\000F\000i\000l\000e\000s}{subsection.5.33.3}% 170
\BOOKMARK [3][-]{subsubsection.5.33.3.2}{\376\377\0005\000.\0003\0003\000.\0003\000.\0002\000\040\000P\000r\000i\000v\000a\000t\000e\000S\000i\000g\000n\000i\000n\000g\000K\000e\000y}{subsection.5.33.3}% 171
\BOOKMARK [3][-]{subsubsection.5.33.3.3}{\376\377\0005\000.\0003\0003\000.\0003\000.\0003\000\040\000T\000e\000x\000t\000M\000e\000s\000s\000a\000g\000e}{subsection.5.33.3}% 172
\BOOKMARK [1][-]{section.5.34}{\376\377\0005\000.\0003\0004\000\040\000S\000t\000e\000g\000o\000s\000a\000u\000r\000u\000s\000.\000E\000x\000c\000e\000p\000t\000i\000o\000n\000s\000.\000S\000t\000e\000g\000o\000M\000e\000s\000s\000a\000g\000e\000E\000x\000c\000e\000p\000t\000i\000o\000n\000\040\000C\000l\000a\000s\000s\000\040\000R\000e\000f\000e\000r\000e\000n\000c\000e}{chapter.5}% 173
\BOOKMARK [1][-]{section.5.35}{\376\377\0005\000.\0003\0005\000\040\000S\000t\000e\000g\000o\000s\000a\000u\000r\000u\000s\000.\000E\000x\000c\000e\000p\000t\000i\000o\000n\000s\000.\000S\000t\000e\000g\000o\000s\000a\000u\000r\000u\000s\000E\000x\000c\000e\000p\000t\000i\000o\000n\000\040\000C\000l\000a\000s\000s\000\040\000R\000e\000f\000e\000r\000e\000n\000c\000e}{chapter.5}% 174
\BOOKMARK [1][-]{section.5.36}{\376\377\0005\000.\0003\0006\000\040\000S\000t\000e\000g\000o\000s\000a\000u\000r\000u\000s\000.\000C\000r\000y\000p\000t\000o\000g\000r\000a\000p\000h\000y\000.\000T\000r\000i\000p\000l\000e\000D\000E\000S\000P\000r\000o\000v\000i\000d\000e\000r\000\040\000C\000l\000a\000s\000s\000\040\000R\000e\000f\000e\000r\000e\000n\000c\000e}{chapter.5}% 175
\BOOKMARK [2][-]{subsection.5.36.1}{\376\377\0005\000.\0003\0006\000.\0001\000\040\000M\000e\000m\000b\000e\000r\000\040\000F\000u\000n\000c\000t\000i\000o\000n\000\040\000D\000o\000c\000u\000m\000e\000n\000t\000a\000t\000i\000o\000n}{section.5.36}% 176
\BOOKMARK [3][-]{subsubsection.5.36.1.1}{\376\377\0005\000.\0003\0006\000.\0001\000.\0001\000\040\000D\000e\000c\000r\000y\000p\000t\000\050\000b\000y\000t\000e\000[\000]\000\040\000d\000a\000t\000a\000\051}{subsection.5.36.1}% 177
\BOOKMARK [3][-]{subsubsection.5.36.1.2}{\376\377\0005\000.\0003\0006\000.\0001\000.\0002\000\040\000E\000n\000c\000r\000y\000p\000t\000\050\000b\000y\000t\000e\000[\000]\000\040\000d\000a\000t\000a\000\051}{subsection.5.36.1}% 178
\BOOKMARK [3][-]{subsubsection.5.36.1.3}{\376\377\0005\000.\0003\0006\000.\0001\000.\0003\000\040\000G\000e\000n\000e\000r\000a\000t\000e\000K\000e\000y\000\050\000\051}{subsection.5.36.1}% 179
\BOOKMARK [3][-]{subsubsection.5.36.1.4}{\376\377\0005\000.\0003\0006\000.\0001\000.\0004\000\040\000S\000e\000t\000K\000e\000y\000\050\000s\000t\000r\000i\000n\000g\000\040\000k\000e\000y\000S\000t\000r\000i\000n\000g\000\051}{subsection.5.36.1}% 180
\BOOKMARK [1][-]{section.5.37}{\376\377\0005\000.\0003\0007\000\040\000S\000t\000e\000g\000o\000s\000a\000u\000r\000u\000s\000.\000A\000l\000g\000o\000r\000i\000t\000h\000m\000.\000G\000r\000a\000p\000h\000T\000h\000e\000o\000r\000y\000.\000V\000e\000r\000t\000e\000x\000\040\000C\000l\000a\000s\000s\000\040\000R\000e\000f\000e\000r\000e\000n\000c\000e}{chapter.5}% 181
\BOOKMARK [1][-]{section.5.38}{\376\377\0005\000.\0003\0008\000\040\000S\000t\000e\000g\000o\000s\000a\000u\000r\000u\000s\000.\000C\000a\000r\000r\000i\000e\000r\000.\000A\000u\000d\000i\000o\000F\000o\000r\000m\000a\000t\000s\000.\000W\000a\000v\000e\000F\000i\000l\000e\000\040\000C\000l\000a\000s\000s\000\040\000R\000e\000f\000e\000r\000e\000n\000c\000e}{chapter.5}% 182
\BOOKMARK [2][-]{subsection.5.38.1}{\376\377\0005\000.\0003\0008\000.\0001\000\040\000C\000o\000n\000s\000t\000r\000u\000c\000t\000o\000r\000\040\000\046\000\040\000D\000e\000s\000t\000r\000u\000c\000t\000o\000r\000\040\000D\000o\000c\000u\000m\000e\000n\000t\000a\000t\000i\000o\000n}{section.5.38}% 183
\BOOKMARK [3][-]{subsubsection.5.38.1.1}{\376\377\0005\000.\0003\0008\000.\0001\000.\0001\000\040\000W\000a\000v\000e\000F\000i\000l\000e\000\050\000s\000t\000r\000i\000n\000g\000\040\000f\000i\000l\000e\000P\000a\000t\000h\000\051}{subsection.5.38.1}% 184
\BOOKMARK [2][-]{subsection.5.38.2}{\376\377\0005\000.\0003\0008\000.\0002\000\040\000M\000e\000m\000b\000e\000r\000\040\000F\000u\000n\000c\000t\000i\000o\000n\000\040\000D\000o\000c\000u\000m\000e\000n\000t\000a\000t\000i\000o\000n}{section.5.38}% 185
\BOOKMARK [3][-]{subsubsection.5.38.2.1}{\376\377\0005\000.\0003\0008\000.\0002\000.\0001\000\040\000P\000a\000r\000s\000e\000\050\000s\000t\000r\000i\000n\000g\000\040\000f\000i\000l\000e\000P\000a\000t\000h\000\051}{subsection.5.38.2}% 186
\BOOKMARK [3][-]{subsubsection.5.38.2.2}{\376\377\0005\000.\0003\0008\000.\0002\000.\0002\000\040\000T\000o\000A\000r\000r\000a\000y\000\050\000\051}{subsection.5.38.2}% 187
\BOOKMARK [2][-]{subsection.5.38.3}{\376\377\0005\000.\0003\0008\000.\0003\000\040\000P\000r\000o\000p\000e\000r\000t\000y\000\040\000D\000o\000c\000u\000m\000e\000n\000t\000a\000t\000i\000o\000n}{section.5.38}% 188
\BOOKMARK [3][-]{subsubsection.5.38.3.1}{\376\377\0005\000.\0003\0008\000.\0003\000.\0001\000\040\000A\000u\000d\000i\000o\000F\000o\000r\000m\000a\000t}{subsection.5.38.3}% 189
\BOOKMARK [3][-]{subsubsection.5.38.3.2}{\376\377\0005\000.\0003\0008\000.\0003\000.\0002\000\040\000C\000h\000u\000n\000k\000S\000i\000z\000e}{subsection.5.38.3}% 190
\BOOKMARK [3][-]{subsubsection.5.38.3.3}{\376\377\0005\000.\0003\0008\000.\0003\000.\0003\000\040\000D\000a\000t\000a\000S\000u\000b\000C\000h\000u\000n\000k\000S\000i\000z\000e}{subsection.5.38.3}% 191
\BOOKMARK [3][-]{subsubsection.5.38.3.4}{\376\377\0005\000.\0003\0008\000.\0003\000.\0004\000\040\000F\000o\000r\000m\000a\000t\000S\000u\000b\000C\000h\000u\000n\000k\000S\000i\000z\000e}{subsection.5.38.3}% 192
\BOOKMARK [0][-]{section*.139}{\376\377\000I\000n\000d\000e\000x}{}% 193
